#
# A fatal error has been detected by the Java Runtime Environment:
#
#  EXCEPTION_STACK_OVERFLOW (0xc00000fd) at pc=0x00007ffb8e83bec3, pid=27028, tid=7468
#
# JRE version: OpenJDK Runtime Environment (17.0.6) (build 17.0.6+0-b2043.56-10027231)
# Java VM: OpenJDK 64-Bit Server VM (17.0.6+0-b2043.56-10027231, mixed mode, tiered, compressed oops, compressed class ptrs, g1 gc, windows-amd64)
# Problematic frame:
# V  [jvm.dll+0x38bec3]
#
# No core dump will be written. Minidumps are not enabled by default on client versions of Windows
#
# If you would like to submit a bug report, please visit:
#   https://bugreport.java.com/bugreport/crash.jsp
#

---------------  S U M M A R Y ------------

Command Line: --add-opens=java.base/java.util=ALL-UNNAMED --add-opens=java.base/java.lang=ALL-UNNAMED --add-opens=java.base/java.lang.invoke=ALL-UNNAMED --add-opens=java.prefs/java.util.prefs=ALL-UNNAMED --add-opens=java.base/java.nio.charset=ALL-UNNAMED --add-opens=java.base/java.net=ALL-UNNAMED --add-opens=java.base/java.util.concurrent.atomic=ALL-UNNAMED -Xmx2048m -Dfile.encoding=UTF-8 -Duser.country=JP -Duser.language=ja -Duser.variant org.gradle.launcher.daemon.bootstrap.GradleDaemon 8.0

Host: 11th Gen Intel(R) Core(TM) i5-11300H @ 3.10GHz, 8 cores, 23G,  Windows 11 , 64 bit Build 22621 (10.0.22621.2506)
Time: Wed Dec 13 19:49:19 2023  Windows 11 , 64 bit Build 22621 (10.0.22621.2506) elapsed time: 88.598550 seconds (0d 0h 1m 28s)

---------------  T H R E A D  ---------------

Current thread (0x000001f0f9e72160):  JavaThread "Unconstrained build operations Thread 14" [_thread_in_vm, id=7468, stack(0x000000bb3ce00000,0x000000bb3cf00000)]

Stack: [0x000000bb3ce00000,0x000000bb3cf00000],  sp=0x000000bb3ceffa20,  free space=1022k
Native frames: (J=compiled Java code, j=interpreted, Vv=VM code, C=native code)
V  [jvm.dll+0x38bec3]
V  [jvm.dll+0x683bc2]
V  [jvm.dll+0x38cb1b]
V  [jvm.dll+0x38cda7]
V  [jvm.dll+0x4128c1]
V  [jvm.dll+0x7f81ec]
V  [jvm.dll+0x7f274a]
