#
# There is insufficient memory for the Java Runtime Environment to continue.
# Native memory allocation (malloc) failed to allocate 762448 bytes for Chunk::new
# Possible reasons:
#   The system is out of physical RAM or swap space
#   The process is running with CompressedOops enabled, and the Java Heap may be blocking the growth of the native heap
# Possible solutions:
#   Reduce memory load on the system
#   Increase physical memory or swap space
#   Check if swap backing store is full
#   Decrease Java heap size (-Xmx/-Xms)
#   Decrease number of Java threads
#   Decrease Java thread stack sizes (-Xss)
#   Set larger code cache with -XX:ReservedCodeCacheSize=
#   JVM is running with Unscaled Compressed Oops mode in which the Java heap is
#     placed in the first 4GB address space. The Java Heap base address is the
#     maximum limit for the native heap growth. Please use -XX:HeapBaseMinAddress
#     to set the Java Heap base and to place the Java Heap above 4GB virtual address.
# This output file may be truncated or incomplete.
#
#  Out of Memory Error (arena.cpp:189), pid=18556, tid=23656
#
# JRE version: OpenJDK Runtime Environment (17.0.6) (build 17.0.6+0-b2043.56-10027231)
# Java VM: OpenJDK 64-Bit Server VM (17.0.6+0-b2043.56-10027231, mixed mode, tiered, compressed oops, compressed class ptrs, g1 gc, windows-amd64)
# No core dump will be written. Minidumps are not enabled by default on client versions of Windows
#

---------------  S U M M A R Y ------------

Command Line: --add-opens=java.base/java.util=ALL-UNNAMED --add-opens=java.base/java.lang=ALL-UNNAMED --add-opens=java.base/java.lang.invoke=ALL-UNNAMED --add-opens=java.prefs/java.util.prefs=ALL-UNNAMED --add-opens=java.base/java.nio.charset=ALL-UNNAMED --add-opens=java.base/java.net=ALL-UNNAMED --add-opens=java.base/java.util.concurrent.atomic=ALL-UNNAMED -Xmx2048m -Dfile.encoding=UTF-8 -Duser.country=JP -Duser.language=ja -Duser.variant org.gradle.launcher.daemon.bootstrap.GradleDaemon 8.0

Host: 11th Gen Intel(R) Core(TM) i5-11300H @ 3.10GHz, 8 cores, 23G,  Windows 11 , 64 bit Build 22621 (10.0.22621.2506)
Time: Wed Dec 13 19:47:15 2023  Windows 11 , 64 bit Build 22621 (10.0.22621.2506) elapsed time: 11.234861 seconds (0d 0h 0m 11s)

---------------  T H R E A D  ---------------

Current thread (0x000001a135667670):  JavaThread "C2 CompilerThread0" daemon [_thread_in_native, id=23656, stack(0x00000003e8c00000,0x00000003e8d00000)]


Current CompileTask:
C2:  11234 3091       4       java.util.AbstractCollection::addAll (42 bytes)

Stack: [0x00000003e8c00000,0x00000003e8d00000]
Native frames: (J=compiled Java code, j=interpreted, Vv=VM code, C=native code)
V  [jvm.dll+0x683c9a]
V  [jvm.dll+0x8427a4]
V  [jvm.dll+0x843f9e]
V  [jvm.dll+0x844603]
V  [jvm.dll+0x249b75]
V  [jvm.dll+0xabcac]
V  [jvm.dll+0xac27c]
V  [jvm.dll+0x368857]
V  [jvm.dll+0x1bced2]
V  [jvm.dll+0x21c359]
V  [jvm.dll+0x21b621]
V  [jvm.dll+0x1a4fdd]
V  [jvm.dll+0x22b098]
V  [jvm.dll+0x229159]
V  [jvm.dll+0x7f81ec]
V  [jvm.dll+0x7f274a]
V  [jvm.dll+0x682ad5]
C  [ucrtbase.dll+0x29363]
C  [KERNEL32.DLL+0x1257d]
C  [ntdll.dll+0x5aa58]


---------------  P R O C E S S  ---------------

Threads class SMR info:
_java_thread_list=0x000001a139b6ee40, length=37, elements={
0x000001a11b708c40, 0x000001a135644260, 0x000001a135644e10, 0x000001a13558b830,
0x000001a13558c3e0, 0x000001a135666020, 0x000001a1356668e0, 0x000001a135667670,
0x000001a135668110, 0x000001a135668b00, 0x000001a135803780, 0x000001a135803c50,
0x000001a138d98010, 0x000001a1377dcc60, 0x000001a1389a2800, 0x000001a1390138f0,
0x000001a138e2aa70, 0x000001a138d63190, 0x000001a1385992d0, 0x000001a138eb77c0,
0x000001a138eb7c90, 0x000001a138eb5ae0, 0x000001a138eb72f0, 0x000001a138eb6e20,
0x000001a138eb8630, 0x000001a138eb8160, 0x000001a138eb5fb0, 0x000001a138eb6480,
0x000001a138eb6950, 0x000001a138eb8b00, 0x000001a138eb5140, 0x000001a138eb5610,
0x000001a1390b4d70, 0x000001a1390b5710, 0x000001a1390b5240, 0x000001a1395255f0,
0x000001a139528380
}

Java Threads: ( => current thread )
  0x000001a11b708c40 JavaThread "main" [_thread_blocked, id=26936, stack(0x00000003e7f00000,0x00000003e8000000)]
  0x000001a135644260 JavaThread "Reference Handler" daemon [_thread_blocked, id=25620, stack(0x00000003e8600000,0x00000003e8700000)]
  0x000001a135644e10 JavaThread "Finalizer" daemon [_thread_blocked, id=30436, stack(0x00000003e8700000,0x00000003e8800000)]
  0x000001a13558b830 JavaThread "Signal Dispatcher" daemon [_thread_blocked, id=10260, stack(0x00000003e8800000,0x00000003e8900000)]
  0x000001a13558c3e0 JavaThread "Attach Listener" daemon [_thread_blocked, id=21564, stack(0x00000003e8900000,0x00000003e8a00000)]
  0x000001a135666020 JavaThread "Service Thread" daemon [_thread_blocked, id=26396, stack(0x00000003e8a00000,0x00000003e8b00000)]
  0x000001a1356668e0 JavaThread "Monitor Deflation Thread" daemon [_thread_blocked, id=21604, stack(0x00000003e8b00000,0x00000003e8c00000)]
=>0x000001a135667670 JavaThread "C2 CompilerThread0" daemon [_thread_in_native, id=23656, stack(0x00000003e8c00000,0x00000003e8d00000)]
  0x000001a135668110 JavaThread "C1 CompilerThread0" daemon [_thread_blocked, id=25652, stack(0x00000003e8d00000,0x00000003e8e00000)]
  0x000001a135668b00 JavaThread "Sweeper thread" daemon [_thread_blocked, id=24900, stack(0x00000003e8e00000,0x00000003e8f00000)]
  0x000001a135803780 JavaThread "Common-Cleaner" daemon [_thread_blocked, id=14464, stack(0x00000003e8f00000,0x00000003e9000000)]
  0x000001a135803c50 JavaThread "Notification Thread" daemon [_thread_blocked, id=25888, stack(0x00000003e9000000,0x00000003e9100000)]
  0x000001a138d98010 JavaThread "Daemon health stats" [_thread_blocked, id=24556, stack(0x00000003e9b00000,0x00000003e9c00000)]
  0x000001a1377dcc60 JavaThread "Incoming local TCP Connector on port 59821" [_thread_in_native, id=26768, stack(0x00000003e9900000,0x00000003e9a00000)]
  0x000001a1389a2800 JavaThread "Daemon periodic checks" [_thread_blocked, id=20472, stack(0x00000003e9a00000,0x00000003e9b00000)]
  0x000001a1390138f0 JavaThread "Daemon" [_thread_blocked, id=28208, stack(0x00000003e9d00000,0x00000003e9e00000)]
  0x000001a138e2aa70 JavaThread "Handler for socket connection from /127.0.0.1:59821 to /127.0.0.1:59822" [_thread_in_native, id=30208, stack(0x00000003e9e00000,0x00000003e9f00000)]
  0x000001a138d63190 JavaThread "Cancel handler" [_thread_blocked, id=21892, stack(0x00000003e9f00000,0x00000003ea000000)]
  0x000001a1385992d0 JavaThread "Daemon worker" [_thread_in_Java, id=24200, stack(0x00000003ea000000,0x00000003ea100000)]
  0x000001a138eb77c0 JavaThread "Asynchronous log dispatcher for DefaultDaemonConnection: socket connection from /127.0.0.1:59821 to /127.0.0.1:59822" [_thread_blocked, id=26480, stack(0x00000003ea100000,0x00000003ea200000)]
  0x000001a138eb7c90 JavaThread "Stdin handler" [_thread_blocked, id=26408, stack(0x00000003ea200000,0x00000003ea300000)]
  0x000001a138eb5ae0 JavaThread "Daemon client event forwarder" [_thread_blocked, id=760, stack(0x00000003ea300000,0x00000003ea400000)]
  0x000001a138eb72f0 JavaThread "Cache worker for journal cache (C:\Users\samue\.gradle\caches\journal-1)" [_thread_blocked, id=25668, stack(0x00000003ea500000,0x00000003ea600000)]
  0x000001a138eb6e20 JavaThread "File lock request listener" [_thread_in_native, id=23336, stack(0x00000003ea600000,0x00000003ea700000)]
  0x000001a138eb8630 JavaThread "Cache worker for file hash cache (C:\Users\samue\.gradle\caches\8.0\fileHashes)" [_thread_blocked, id=30488, stack(0x00000003e9c00000,0x00000003e9d00000)]
  0x000001a138eb8160 JavaThread "File watcher server" daemon [_thread_in_native, id=22192, stack(0x00000003ea700000,0x00000003ea800000)]
  0x000001a138eb5fb0 JavaThread "File watcher consumer" daemon [_thread_blocked, id=3732, stack(0x00000003ea800000,0x00000003ea900000)]
  0x000001a138eb6480 JavaThread "Cache worker for checksums cache (C:\Users\samue\AndroidStudioProjects\WotaKuy\.gradle\8.0\checksums)" [_thread_blocked, id=2032, stack(0x00000003ea900000,0x00000003eaa00000)]
  0x000001a138eb6950 JavaThread "Cache worker for cache directory md-rule (C:\Users\samue\.gradle\caches\8.0\md-rule)" [_thread_blocked, id=2928, stack(0x00000003eaa00000,0x00000003eab00000)]
  0x000001a138eb8b00 JavaThread "Cache worker for file content cache (C:\Users\samue\.gradle\caches\8.0\fileContent)" [_thread_blocked, id=5084, stack(0x00000003eab00000,0x00000003eac00000)]
  0x000001a138eb5140 JavaThread "Cache worker for file hash cache (C:\Users\samue\AndroidStudioProjects\WotaKuy\.gradle\8.0\fileHashes)" [_thread_blocked, id=26920, stack(0x00000003eac00000,0x00000003ead00000)]
  0x000001a138eb5610 JavaThread "Cache worker for cache directory md-supplier (C:\Users\samue\.gradle\caches\8.0\md-supplier)" [_thread_blocked, id=23540, stack(0x00000003ead00000,0x00000003eae00000)]
  0x000001a1390b4d70 JavaThread "Cache worker for execution history cache (C:\Users\samue\.gradle\caches\8.0\executionHistory)" [_thread_blocked, id=11300, stack(0x00000003eae00000,0x00000003eaf00000)]
  0x000001a1390b5710 JavaThread "jar transforms" [_thread_blocked, id=29196, stack(0x00000003eaf00000,0x00000003eb000000)]
  0x000001a1390b5240 JavaThread "jar transforms Thread 2" [_thread_blocked, id=3220, stack(0x00000003eb000000,0x00000003eb100000)]
  0x000001a1395255f0 JavaThread "C2 CompilerThread1" daemon [_thread_in_native, id=19508, stack(0x00000003eb100000,0x00000003eb200000)]
  0x000001a139528380 JavaThread "C2 CompilerThread2" daemon [_thread_blocked, id=25588, stack(0x00000003eb200000,0x00000003eb300000)]

Other Threads:
  0x000001a135631930 VMThread "VM Thread" [stack: 0x00000003e8500000,0x00000003e8600000] [id=23488]
  0x000001a11b796590 WatcherThread [stack: 0x00000003e9100000,0x00000003e9200000] [id=4592]
  0x000001a11b763e60 GCTaskThread "GC Thread#0" [stack: 0x00000003e8000000,0x00000003e8100000] [id=28724]
  0x000001a136d073d0 GCTaskThread "GC Thread#1" [stack: 0x00000003e9200000,0x00000003e9300000] [id=19284]
  0x000001a136d07680 GCTaskThread "GC Thread#2" [stack: 0x00000003e9300000,0x00000003e9400000] [id=26512]
  0x000001a136d07930 GCTaskThread "GC Thread#3" [stack: 0x00000003e9400000,0x00000003e9500000] [id=13344]
  0x000001a136676630 GCTaskThread "GC Thread#4" [stack: 0x00000003e9500000,0x00000003e9600000] [id=26960]
  0x000001a1366768e0 GCTaskThread "GC Thread#5" [stack: 0x00000003e9600000,0x00000003e9700000] [id=16408]
  0x000001a136676b90 GCTaskThread "GC Thread#6" [stack: 0x00000003e9700000,0x00000003e9800000] [id=16320]
  0x000001a13681c650 GCTaskThread "GC Thread#7" [stack: 0x00000003e9800000,0x00000003e9900000] [id=6000]
  0x000001a11b774da0 ConcurrentGCThread "G1 Main Marker" [stack: 0x00000003e8100000,0x00000003e8200000] [id=29104]
  0x000001a11b7757b0 ConcurrentGCThread "G1 Conc#0" [stack: 0x00000003e8200000,0x00000003e8300000] [id=13944]
  0x000001a137791850 ConcurrentGCThread "G1 Conc#1" [stack: 0x00000003ea400000,0x00000003ea500000] [id=12068]
  0x000001a11b7ce960 ConcurrentGCThread "G1 Refine#0" [stack: 0x00000003e8300000,0x00000003e8400000] [id=22948]
  0x000001a13546c610 ConcurrentGCThread "G1 Service" [stack: 0x00000003e8400000,0x00000003e8500000] [id=26044]

Threads with active compile tasks:
C2 CompilerThread0    11263 3091       4       java.util.AbstractCollection::addAll (42 bytes)
C2 CompilerThread1    11263 3052       4       jdk.internal.loader.URLClassPath::getResource (74 bytes)

VM state: not at safepoint (normal execution)

VM Mutex/Monitor currently owned by a thread:  ([mutex/lock_event])
[0x000001a11b703690] MethodCompileQueue_lock - owner thread: 0x000001a1385992d0

Heap address: 0x0000000080000000, size: 2048 MB, Compressed Oops mode: 32-bit

CDS archive(s) not mapped
Compressed class space mapped at: 0x0000000100000000-0x0000000140000000, reserved size: 1073741824
Narrow klass base: 0x0000000000000000, Narrow klass shift: 3, Narrow klass range: 0x140000000

GC Precious Log:
 CPUs: 8 total, 8 available
 Memory: 24371M
 Large Page Support: Disabled
 NUMA Support: Disabled
 Compressed Oops: Enabled (32-bit)
 Heap Region Size: 1M
 Heap Min Capacity: 8M
 Heap Initial Capacity: 382M
 Heap Max Capacity: 2G
 Pre-touch: Disabled
 Parallel Workers: 8
 Concurrent Workers: 2
 Concurrent Refinement Workers: 8
 Periodic GC: Disabled

Heap:
 garbage-first heap   total 65536K, used 27472K [0x0000000080000000, 0x0000000100000000)
  region size 1024K, 8 young (8192K), 3 survivors (3072K)
 Metaspace       used 38236K, committed 38656K, reserved 1089536K
  class space    used 5122K, committed 5312K, reserved 1048576K

Heap Regions: E=young(eden), S=young(survivor), O=old, HS=humongous(starts), HC=humongous(continues), CS=collection set, F=free, OA=open archive, CA=closed archive, TAMS=top-at-mark-start (previous, next)
|   0|0x0000000080000000, 0x0000000080100000, 0x0000000080100000|100%|HS|  |TAMS 0x0000000080100000, 0x0000000080000000| Complete 
|   1|0x0000000080100000, 0x0000000080200000, 0x0000000080200000|100%|HC|  |TAMS 0x0000000080200000, 0x0000000080100000| Complete 
|   2|0x0000000080200000, 0x0000000080300000, 0x0000000080300000|100%|HC|  |TAMS 0x0000000080300000, 0x0000000080200000| Complete 
|   3|0x0000000080300000, 0x0000000080400000, 0x0000000080400000|100%|HC|  |TAMS 0x0000000080400000, 0x0000000080300000| Complete 
|   4|0x0000000080400000, 0x0000000080500000, 0x0000000080500000|100%| O|  |TAMS 0x0000000080500000, 0x0000000080400000| Untracked 
|   5|0x0000000080500000, 0x0000000080600000, 0x0000000080600000|100%| O|  |TAMS 0x0000000080600000, 0x0000000080500000| Untracked 
|   6|0x0000000080600000, 0x0000000080700000, 0x0000000080700000|100%| O|  |TAMS 0x0000000080700000, 0x0000000080600000| Untracked 
|   7|0x0000000080700000, 0x0000000080800000, 0x0000000080800000|100%| O|  |TAMS 0x0000000080800000, 0x0000000080700000| Untracked 
|   8|0x0000000080800000, 0x0000000080900000, 0x0000000080900000|100%| O|  |TAMS 0x0000000080900000, 0x0000000080800000| Untracked 
|   9|0x0000000080900000, 0x0000000080a00000, 0x0000000080a00000|100%| O|  |TAMS 0x0000000080a00000, 0x0000000080900000| Untracked 
|  10|0x0000000080a00000, 0x0000000080b00000, 0x0000000080b00000|100%| O|  |TAMS 0x0000000080b00000, 0x0000000080a00000| Untracked 
|  11|0x0000000080b00000, 0x0000000080c00000, 0x0000000080c00000|100%| O|  |TAMS 0x0000000080c00000, 0x0000000080b00000| Untracked 
|  12|0x0000000080c00000, 0x0000000080d00000, 0x0000000080d00000|100%| O|  |TAMS 0x0000000080d00000, 0x0000000080c00000| Untracked 
|  13|0x0000000080d00000, 0x0000000080e00000, 0x0000000080e00000|100%| O|  |TAMS 0x0000000080e00000, 0x0000000080d00000| Untracked 
|  14|0x0000000080e00000, 0x0000000080f00000, 0x0000000080f00000|100%| O|  |TAMS 0x0000000080f00000, 0x0000000080e00000| Untracked 
|  15|0x0000000080f00000, 0x0000000081000000, 0x0000000081000000|100%| O|  |TAMS 0x0000000081000000, 0x0000000080f00000| Untracked 
|  16|0x0000000081000000, 0x0000000081100000, 0x0000000081100000|100%| O|  |TAMS 0x0000000081100000, 0x0000000081000000| Untracked 
|  17|0x0000000081100000, 0x0000000081200000, 0x0000000081200000|100%| O|  |TAMS 0x0000000081200000, 0x0000000081100000| Untracked 
|  18|0x0000000081200000, 0x0000000081300000, 0x0000000081300000|100%| O|  |TAMS 0x0000000081300000, 0x0000000081200000| Untracked 
|  19|0x0000000081300000, 0x0000000081400000, 0x0000000081400000|100%| O|  |TAMS 0x000000008138ec00, 0x0000000081300000| Complete 
|  20|0x0000000081400000, 0x0000000081500000, 0x0000000081500000|100%| O|  |TAMS 0x0000000081400000, 0x0000000081400000| Untracked 
|  21|0x0000000081500000, 0x000000008150d000, 0x0000000081600000|  5%| O|  |TAMS 0x0000000081500000, 0x0000000081500000| Untracked 
|  22|0x0000000081600000, 0x0000000081600000, 0x0000000081700000|  0%| F|  |TAMS 0x0000000081600000, 0x0000000081600000| Untracked 
|  23|0x0000000081700000, 0x0000000081700000, 0x0000000081800000|  0%| F|  |TAMS 0x0000000081700000, 0x0000000081700000| Untracked 
|  24|0x0000000081800000, 0x0000000081800000, 0x0000000081900000|  0%| F|  |TAMS 0x0000000081800000, 0x0000000081800000| Untracked 
|  25|0x0000000081900000, 0x0000000081900000, 0x0000000081a00000|  0%| F|  |TAMS 0x0000000081900000, 0x0000000081900000| Untracked 
|  26|0x0000000081a00000, 0x0000000081a00000, 0x0000000081b00000|  0%| F|  |TAMS 0x0000000081a00000, 0x0000000081a00000| Untracked 
|  27|0x0000000081b00000, 0x0000000081b00000, 0x0000000081c00000|  0%| F|  |TAMS 0x0000000081b00000, 0x0000000081b00000| Untracked 
|  28|0x0000000081c00000, 0x0000000081c00000, 0x0000000081d00000|  0%| F|  |TAMS 0x0000000081c00000, 0x0000000081c00000| Untracked 
|  29|0x0000000081d00000, 0x0000000081d00000, 0x0000000081e00000|  0%| F|  |TAMS 0x0000000081d00000, 0x0000000081d00000| Untracked 
|  30|0x0000000081e00000, 0x0000000081e00000, 0x0000000081f00000|  0%| F|  |TAMS 0x0000000081e00000, 0x0000000081e00000| Untracked 
|  31|0x0000000081f00000, 0x0000000081f00000, 0x0000000082000000|  0%| F|  |TAMS 0x0000000081f00000, 0x0000000081f00000| Untracked 
|  32|0x0000000082000000, 0x0000000082000000, 0x0000000082100000|  0%| F|  |TAMS 0x0000000082000000, 0x0000000082000000| Untracked 
|  33|0x0000000082100000, 0x0000000082100000, 0x0000000082200000|  0%| F|  |TAMS 0x0000000082100000, 0x0000000082100000| Untracked 
|  34|0x0000000082200000, 0x0000000082200000, 0x0000000082300000|  0%| F|  |TAMS 0x0000000082200000, 0x0000000082200000| Untracked 
|  35|0x0000000082300000, 0x0000000082300000, 0x0000000082400000|  0%| F|  |TAMS 0x0000000082300000, 0x0000000082300000| Untracked 
|  36|0x0000000082400000, 0x0000000082400000, 0x0000000082500000|  0%| F|  |TAMS 0x0000000082400000, 0x0000000082400000| Untracked 
|  37|0x0000000082500000, 0x0000000082500000, 0x0000000082600000|  0%| F|  |TAMS 0x0000000082500000, 0x0000000082500000| Untracked 
|  38|0x0000000082600000, 0x0000000082600000, 0x0000000082700000|  0%| F|  |TAMS 0x0000000082600000, 0x0000000082600000| Untracked 
|  39|0x0000000082700000, 0x0000000082700000, 0x0000000082800000|  0%| F|  |TAMS 0x0000000082700000, 0x0000000082700000| Untracked 
|  40|0x0000000082800000, 0x0000000082800000, 0x0000000082900000|  0%| F|  |TAMS 0x0000000082800000, 0x0000000082800000| Untracked 
|  41|0x0000000082900000, 0x0000000082900000, 0x0000000082a00000|  0%| F|  |TAMS 0x0000000082900000, 0x0000000082900000| Untracked 
|  42|0x0000000082a00000, 0x0000000082a00000, 0x0000000082b00000|  0%| F|  |TAMS 0x0000000082a00000, 0x0000000082a00000| Untracked 
|  43|0x0000000082b00000, 0x0000000082b00000, 0x0000000082c00000|  0%| F|  |TAMS 0x0000000082b00000, 0x0000000082b00000| Untracked 
|  44|0x0000000082c00000, 0x0000000082c00000, 0x0000000082d00000|  0%| F|  |TAMS 0x0000000082c00000, 0x0000000082c00000| Untracked 
|  45|0x0000000082d00000, 0x0000000082d00000, 0x0000000082e00000|  0%| F|  |TAMS 0x0000000082d00000, 0x0000000082d00000| Untracked 
|  46|0x0000000082e00000, 0x0000000082e00000, 0x0000000082f00000|  0%| F|  |TAMS 0x0000000082e00000, 0x0000000082e00000| Untracked 
|  47|0x0000000082f00000, 0x0000000082f00000, 0x0000000083000000|  0%| F|  |TAMS 0x0000000082f00000, 0x0000000082f00000| Untracked 
|  48|0x0000000083000000, 0x0000000083000000, 0x0000000083100000|  0%| F|  |TAMS 0x0000000083000000, 0x0000000083000000| Untracked 
|  49|0x0000000083100000, 0x0000000083100000, 0x0000000083200000|  0%| F|  |TAMS 0x0000000083100000, 0x0000000083100000| Untracked 
|  50|0x0000000083200000, 0x0000000083200000, 0x0000000083300000|  0%| F|  |TAMS 0x0000000083200000, 0x0000000083200000| Untracked 
|  51|0x0000000083300000, 0x0000000083300000, 0x0000000083400000|  0%| F|  |TAMS 0x0000000083300000, 0x0000000083300000| Untracked 
|  52|0x0000000083400000, 0x00000000834c7380, 0x0000000083500000| 77%| S|CS|TAMS 0x0000000083400000, 0x0000000083400000| Complete 
|  53|0x0000000083500000, 0x0000000083600000, 0x0000000083600000|100%| S|CS|TAMS 0x0000000083500000, 0x0000000083500000| Complete 
|  54|0x0000000083600000, 0x0000000083700000, 0x0000000083700000|100%| S|CS|TAMS 0x0000000083600000, 0x0000000083600000| Complete 
| 333|0x0000000094d00000, 0x0000000094d00000, 0x0000000094e00000|  0%| F|  |TAMS 0x0000000094d00000, 0x0000000094d00000| Untracked 
| 334|0x0000000094e00000, 0x0000000094e00000, 0x0000000094f00000|  0%| F|  |TAMS 0x0000000094e00000, 0x0000000094e00000| Untracked 
| 335|0x0000000094f00000, 0x0000000094f00000, 0x0000000095000000|  0%| F|  |TAMS 0x0000000094f00000, 0x0000000094f00000| Untracked 
| 336|0x0000000095000000, 0x0000000095000000, 0x0000000095100000|  0%| F|  |TAMS 0x0000000095000000, 0x0000000095000000| Untracked 
| 337|0x0000000095100000, 0x00000000951f2020, 0x0000000095200000| 94%| E|  |TAMS 0x0000000095100000, 0x0000000095100000| Complete 
| 338|0x0000000095200000, 0x0000000095300000, 0x0000000095300000|100%| E|CS|TAMS 0x0000000095200000, 0x0000000095200000| Complete 
| 339|0x0000000095300000, 0x0000000095400000, 0x0000000095400000|100%| E|CS|TAMS 0x0000000095300000, 0x0000000095300000| Complete 
| 340|0x0000000095400000, 0x0000000095500000, 0x0000000095500000|100%| E|CS|TAMS 0x0000000095400000, 0x0000000095400000| Complete 
| 381|0x0000000097d00000, 0x0000000097e00000, 0x0000000097e00000|100%| E|  |TAMS 0x0000000097d00000, 0x0000000097d00000| Complete 

Card table byte_map: [0x000001a12e300000,0x000001a12e700000] _byte_map_base: 0x000001a12df00000

Marking Bits (Prev, Next): (CMBitMap*) 0x000001a11b764470, (CMBitMap*) 0x000001a11b7644b0
 Prev Bits: [0x000001a12eb00000, 0x000001a130b00000)
 Next Bits: [0x000001a130b00000, 0x000001a132b00000)

Polling page: 0x000001a11aed0000

Metaspace:

Usage:
  Non-class:     32.34 MB used.
      Class:      5.00 MB used.
       Both:     37.34 MB used.

Virtual space:
  Non-class space:       40.00 MB reserved,      32.56 MB ( 81%) committed,  5 nodes.
      Class space:        1.00 GB reserved,       5.19 MB ( <1%) committed,  1 nodes.
             Both:        1.04 GB reserved,      37.75 MB (  4%) committed. 

Chunk freelists:
   Non-Class:  2.98 MB
       Class:  2.67 MB
        Both:  5.66 MB

MaxMetaspaceSize: unlimited
CompressedClassSpaceSize: 1.00 GB
Initial GC threshold: 21.00 MB
Current GC threshold: 58.75 MB
CDS: off
MetaspaceReclaimPolicy: balanced
 - commit_granule_bytes: 65536.
 - commit_granule_words: 8192.
 - virtual_space_node_default_size: 1048576.
 - enlarge_chunks_in_place: 1.
 - new_chunks_are_fully_committed: 0.
 - uncommit_free_chunks: 1.
 - use_allocation_guard: 0.
 - handle_deallocations: 1.


Internal statistics:

num_allocs_failed_limit: 6.
num_arena_births: 300.
num_arena_deaths: 0.
num_vsnodes_births: 6.
num_vsnodes_deaths: 0.
num_space_committed: 604.
num_space_uncommitted: 0.
num_chunks_returned_to_freelist: 6.
num_chunks_taken_from_freelist: 1350.
num_chunk_merges: 6.
num_chunk_splits: 890.
num_chunks_enlarged: 643.
num_purges: 0.
num_inconsistent_stats: 0.

CodeHeap 'non-profiled nmethods': size=120000Kb used=1656Kb max_used=1656Kb free=118343Kb
 bounds [0x000001a1266a0000, 0x000001a126910000, 0x000001a12dbd0000]
CodeHeap 'profiled nmethods': size=120000Kb used=6429Kb max_used=6429Kb free=113570Kb
 bounds [0x000001a11ebd0000, 0x000001a11f220000, 0x000001a126100000]
CodeHeap 'non-nmethods': size=5760Kb used=1249Kb max_used=1294Kb free=4510Kb
 bounds [0x000001a126100000, 0x000001a126370000, 0x000001a1266a0000]
 total_blobs=3693 nmethods=3145 adapters=460
 compilation: enabled
              stopped_count=0, restarted_count=0
 full_count=0

Compilation events (20 events):
Event: 11.206 Thread 0x000001a139528380 3118       4       java.nio.DirectIntBufferU::ix (10 bytes)
Event: 11.206 Thread 0x000001a139528380 nmethod 3118 0x000001a12683bf10 code [0x000001a12683c080, 0x000001a12683c0f8]
Event: 11.207 Thread 0x000001a135668110 3119       3       java.util.Optional::<init> (10 bytes)
Event: 11.207 Thread 0x000001a135668110 nmethod 3119 0x000001a11f20d190 code [0x000001a11f20d320, 0x000001a11f20d4d8]
Event: 11.208 Thread 0x000001a135668110 3120       3       jdk.internal.jimage.ImageBufferCache::getCapacity (21 bytes)
Event: 11.208 Thread 0x000001a135668110 nmethod 3120 0x000001a11f20d590 code [0x000001a11f20d740, 0x000001a11f20da48]
Event: 11.208 Thread 0x000001a135668110 3121       1       jdk.internal.jimage.decompressor.CompressedResourceHeader::getSize (3 bytes)
Event: 11.208 Thread 0x000001a135668110 nmethod 3121 0x000001a12683c210 code [0x000001a12683c3a0, 0x000001a12683c458]
Event: 11.208 Thread 0x000001a135668110 3122       3       java.lang.PublicMethods::toArray (76 bytes)
Event: 11.208 Thread 0x000001a135668110 nmethod 3122 0x000001a11f20db10 code [0x000001a11f20dd20, 0x000001a11f20e5b8]
Event: 11.209 Thread 0x000001a135668110 3123       3       java.lang.Throwable::<init> (34 bytes)
Event: 11.209 Thread 0x000001a135668110 nmethod 3123 0x000001a11f20e810 code [0x000001a11f20e9e0, 0x000001a11f20eda8]
Event: 11.209 Thread 0x000001a135668110 3124       1       java.net.JarURLConnection::getJarFileURL (5 bytes)
Event: 11.210 Thread 0x000001a135668110 nmethod 3124 0x000001a12683c510 code [0x000001a12683c6a0, 0x000001a12683c778]
Event: 11.228 Thread 0x000001a135668110 3125   !   3       java.util.concurrent.LinkedBlockingQueue::poll (128 bytes)
Event: 11.229 Thread 0x000001a135668110 nmethod 3125 0x000001a11f20ee90 code [0x000001a11f20f280, 0x000001a11f210f38]
Event: 11.230 Thread 0x000001a135668110 3126       3       java.util.stream.Sink$ChainedReference::<init> (16 bytes)
Event: 11.230 Thread 0x000001a135668110 nmethod 3126 0x000001a11f211c10 code [0x000001a11f211de0, 0x000001a11f212208]
Event: 11.230 Thread 0x000001a135668110 3127       3       java.util.stream.Sink$ChainedReference::end (10 bytes)
Event: 11.231 Thread 0x000001a135668110 nmethod 3127 0x000001a11f212390 code [0x000001a11f212540, 0x000001a11f212708]

GC Heap History (14 events):
Event: 3.387 GC heap before
{Heap before GC invocations=0 (full 0):
 garbage-first heap   total 391168K, used 26624K [0x0000000080000000, 0x0000000100000000)
  region size 1024K, 23 young (23552K), 0 survivors (0K)
 Metaspace       used 10259K, committed 10432K, reserved 1064960K
  class space    used 1058K, committed 1152K, reserved 1048576K
}
Event: 3.399 GC heap after
{Heap after GC invocations=1 (full 0):
 garbage-first heap   total 391168K, used 10115K [0x0000000080000000, 0x0000000100000000)
  region size 1024K, 3 young (3072K), 3 survivors (3072K)
 Metaspace       used 10259K, committed 10432K, reserved 1064960K
  class space    used 1058K, committed 1152K, reserved 1048576K
}
Event: 5.258 GC heap before
{Heap before GC invocations=1 (full 0):
 garbage-first heap   total 391168K, used 39811K [0x0000000080000000, 0x0000000100000000)
  region size 1024K, 32 young (32768K), 3 survivors (3072K)
 Metaspace       used 11226K, committed 11456K, reserved 1064960K
  class space    used 1162K, committed 1280K, reserved 1048576K
}
Event: 5.262 GC heap after
{Heap after GC invocations=2 (full 0):
 garbage-first heap   total 391168K, used 14336K [0x0000000080000000, 0x0000000100000000)
  region size 1024K, 4 young (4096K), 4 survivors (4096K)
 Metaspace       used 11226K, committed 11456K, reserved 1064960K
  class space    used 1162K, committed 1280K, reserved 1048576K
}
Event: 7.283 GC heap before
{Heap before GC invocations=2 (full 0):
 garbage-first heap   total 391168K, used 51200K [0x0000000080000000, 0x0000000100000000)
  region size 1024K, 41 young (41984K), 4 survivors (4096K)
 Metaspace       used 21196K, committed 21504K, reserved 1073152K
  class space    used 2570K, committed 2752K, reserved 1048576K
}
Event: 7.288 GC heap after
{Heap after GC invocations=3 (full 0):
 garbage-first heap   total 391168K, used 18243K [0x0000000080000000, 0x0000000100000000)
  region size 1024K, 8 young (8192K), 8 survivors (8192K)
 Metaspace       used 21196K, committed 21504K, reserved 1073152K
  class space    used 2570K, committed 2752K, reserved 1048576K
}
Event: 8.745 GC heap before
{Heap before GC invocations=4 (full 0):
 garbage-first heap   total 65536K, used 49987K [0x0000000080000000, 0x0000000100000000)
  region size 1024K, 40 young (40960K), 8 survivors (8192K)
 Metaspace       used 26092K, committed 26432K, reserved 1073152K
  class space    used 3421K, committed 3584K, reserved 1048576K
}
Event: 8.753 GC heap after
{Heap after GC invocations=5 (full 0):
 garbage-first heap   total 65536K, used 20192K [0x0000000080000000, 0x0000000100000000)
  region size 1024K, 6 young (6144K), 6 survivors (6144K)
 Metaspace       used 26092K, committed 26432K, reserved 1073152K
  class space    used 3421K, committed 3584K, reserved 1048576K
}
Event: 9.666 GC heap before
{Heap before GC invocations=5 (full 0):
 garbage-first heap   total 65536K, used 43744K [0x0000000080000000, 0x0000000100000000)
  region size 1024K, 30 young (30720K), 6 survivors (6144K)
 Metaspace       used 29879K, committed 30144K, reserved 1081344K
  class space    used 4049K, committed 4160K, reserved 1048576K
}
Event: 9.671 GC heap after
{Heap after GC invocations=6 (full 0):
 garbage-first heap   total 65536K, used 21502K [0x0000000080000000, 0x0000000100000000)
  region size 1024K, 4 young (4096K), 4 survivors (4096K)
 Metaspace       used 29879K, committed 30144K, reserved 1081344K
  class space    used 4049K, committed 4160K, reserved 1048576K
}
Event: 10.569 GC heap before
{Heap before GC invocations=6 (full 0):
 garbage-first heap   total 65536K, used 46078K [0x0000000080000000, 0x0000000100000000)
  region size 1024K, 28 young (28672K), 4 survivors (4096K)
 Metaspace       used 33813K, committed 34176K, reserved 1081344K
  class space    used 4661K, committed 4800K, reserved 1048576K
}
Event: 10.573 GC heap after
{Heap after GC invocations=7 (full 0):
 garbage-first heap   total 65536K, used 22654K [0x0000000080000000, 0x0000000100000000)
  region size 1024K, 3 young (3072K), 3 survivors (3072K)
 Metaspace       used 33813K, committed 34176K, reserved 1081344K
  class space    used 4661K, committed 4800K, reserved 1048576K
}
Event: 10.978 GC heap before
{Heap before GC invocations=7 (full 0):
 garbage-first heap   total 65536K, used 30846K [0x0000000080000000, 0x0000000100000000)
  region size 1024K, 12 young (12288K), 3 survivors (3072K)
 Metaspace       used 35590K, committed 35968K, reserved 1081344K
  class space    used 4871K, committed 5056K, reserved 1048576K
}
Event: 10.982 GC heap after
{Heap after GC invocations=8 (full 0):
 garbage-first heap   total 65536K, used 24400K [0x0000000080000000, 0x0000000100000000)
  region size 1024K, 3 young (3072K), 3 survivors (3072K)
 Metaspace       used 35590K, committed 35968K, reserved 1081344K
  class space    used 4871K, committed 5056K, reserved 1048576K
}

Dll operation events (2 events):
Event: 0.015 Loaded shared library C:\Program Files\Android\Android Studio\jbr\bin\java.dll
Event: 2.223 Loaded shared library C:\Program Files\Android\Android Studio\jbr\bin\verify.dll

Deoptimization events (20 events):
Event: 10.826 Thread 0x000001a1385992d0 DEOPT PACKING pc=0x000001a126818f14 sp=0x00000003ea0f0cb0
Event: 10.826 Thread 0x000001a1385992d0 DEOPT UNPACKING pc=0x000001a12615a1a3 sp=0x00000003ea0f0c78 mode 2
Event: 11.056 Thread 0x000001a1385992d0 Uncommon trap: trap_request=0xffffffde fr.pc=0x000001a12681e570 relative=0x00000000000002b0
Event: 11.056 Thread 0x000001a1385992d0 Uncommon trap: reason=class_check action=maybe_recompile pc=0x000001a12681e570 method=java.lang.reflect.Executable.getAnnotation(Ljava/lang/Class;)Ljava/lang/annotation/Annotation; @ 19 c2
Event: 11.056 Thread 0x000001a1385992d0 DEOPT PACKING pc=0x000001a12681e570 sp=0x00000003ea0f7d70
Event: 11.056 Thread 0x000001a1385992d0 DEOPT UNPACKING pc=0x000001a12615a1a3 sp=0x00000003ea0f7cc8 mode 2
Event: 11.059 Thread 0x000001a1385992d0 Uncommon trap: trap_request=0xffffffde fr.pc=0x000001a12681e570 relative=0x00000000000002b0
Event: 11.059 Thread 0x000001a1385992d0 Uncommon trap: reason=class_check action=maybe_recompile pc=0x000001a12681e570 method=java.lang.reflect.Executable.getAnnotation(Ljava/lang/Class;)Ljava/lang/annotation/Annotation; @ 19 c2
Event: 11.059 Thread 0x000001a1385992d0 DEOPT PACKING pc=0x000001a12681e570 sp=0x00000003ea0f7d70
Event: 11.059 Thread 0x000001a1385992d0 DEOPT UNPACKING pc=0x000001a12615a1a3 sp=0x00000003ea0f7cc8 mode 2
Event: 11.059 Thread 0x000001a1385992d0 Uncommon trap: trap_request=0xffffffde fr.pc=0x000001a12681e570 relative=0x00000000000002b0
Event: 11.059 Thread 0x000001a1385992d0 Uncommon trap: reason=class_check action=maybe_recompile pc=0x000001a12681e570 method=java.lang.reflect.Executable.getAnnotation(Ljava/lang/Class;)Ljava/lang/annotation/Annotation; @ 19 c2
Event: 11.059 Thread 0x000001a1385992d0 DEOPT PACKING pc=0x000001a12681e570 sp=0x00000003ea0f7d70
Event: 11.059 Thread 0x000001a1385992d0 DEOPT UNPACKING pc=0x000001a12615a1a3 sp=0x00000003ea0f7cc8 mode 2
Event: 11.060 Thread 0x000001a1385992d0 Uncommon trap: trap_request=0xffffffde fr.pc=0x000001a12681e570 relative=0x00000000000002b0
Event: 11.060 Thread 0x000001a1385992d0 Uncommon trap: reason=class_check action=maybe_recompile pc=0x000001a12681e570 method=java.lang.reflect.Executable.getAnnotation(Ljava/lang/Class;)Ljava/lang/annotation/Annotation; @ 19 c2
Event: 11.060 Thread 0x000001a1385992d0 DEOPT PACKING pc=0x000001a12681e570 sp=0x00000003ea0f7d70
Event: 11.060 Thread 0x000001a1385992d0 DEOPT UNPACKING pc=0x000001a12615a1a3 sp=0x00000003ea0f7cc8 mode 2
Event: 11.138 Thread 0x000001a1385992d0 DEOPT PACKING pc=0x000001a11ef4cad4 sp=0x00000003ea0f6d40
Event: 11.138 Thread 0x000001a1385992d0 DEOPT UNPACKING pc=0x000001a12615ace3 sp=0x00000003ea0f6298 mode 0

Classes unloaded (0 events):
No events

Classes redefined (0 events):
No events

Internal exceptions (20 events):
Event: 9.780 Thread 0x000001a1385992d0 Exception <a 'java/lang/NoSuchMethodError'{0x0000000095028148}: 'java.lang.Object java.lang.invoke.DirectMethodHandle$Holder.invokeSpecial(java.lang.Object, java.lang.Object, java.lang.Object, java.lang.Object, java.lang.Object, java.lang.Object, java.lang.Object, java.lang.Object, java.lang.Object, java.lang.Object, java.lang.Object, java.lang.Object, java.lang.Object, java.lang.Object)'> (0x0000000095028148) 
thrown [s\src\hotspot\share\interpreter\linkResolver.cpp, line 771]
Event: 9.781 Thread 0x000001a1385992d0 Exception <a 'java/lang/NoSuchMethodError'{0x000000009503a4c8}: 'java.lang.Object java.lang.invoke.DirectMethodHandle$Holder.newInvokeSpecial(java.lang.Object, java.lang.Object, java.lang.Object, java.lang.Object, java.lang.Object, java.lang.Object, java.lang.Object, java.lang.Object, java.lang.Object, java.lang.Object, java.lang.Object, java.lang.Object)'> (0x000000009503a4c8) 
thrown [s\src\hotspot\share\interpreter\linkResolver.cpp, line 771]
Event: 9.781 Thread 0x000001a1385992d0 Exception <a 'java/lang/NoSuchMethodError'{0x000000009503fe60}: 'java.lang.Object java.lang.invoke.Invokers$Holder.linkToTargetMethod(java.lang.Object, java.lang.Object, java.lang.Object, java.lang.Object, java.lang.Object, java.lang.Object, java.lang.Object, java.lang.Object, java.lang.Object, java.lang.Object, java.lang.Object, java.lang.Object)'> (0x000000009503fe60) 
thrown [s\src\hotspot\share\interpreter\linkResolver.cpp, line 771]
Event: 9.791 Thread 0x000001a1385992d0 Exception <a 'java/lang/NoSuchMethodError'{0x00000000950df470}: 'java.lang.Object java.lang.invoke.DirectMethodHandle$Holder.invokeStaticInit(java.lang.Object, java.lang.Object, java.lang.Object, java.lang.Object)'> (0x00000000950df470) 
thrown [s\src\hotspot\share\interpreter\linkResolver.cpp, line 771]
Event: 10.066 Thread 0x000001a1385992d0 Exception <a 'java/lang/NoSuchMethodError'{0x0000000083008700}: 'java.lang.Object java.lang.invoke.DirectMethodHandle$Holder.newInvokeSpecial(java.lang.Object, java.lang.Object, java.lang.Object, java.lang.Object, java.lang.Object, java.lang.Object, java.lang.Object, java.lang.Object)'> (0x0000000083008700) 
thrown [s\src\hotspot\share\interpreter\linkResolver.cpp, line 771]
Event: 10.067 Thread 0x000001a1385992d0 Exception <a 'java/lang/NoSuchMethodError'{0x000000008300e4e0}: 'java.lang.Object java.lang.invoke.Invokers$Holder.linkToTargetMethod(java.lang.Object, java.lang.Object, java.lang.Object, java.lang.Object, java.lang.Object, java.lang.Object, java.lang.Object, java.lang.Object)'> (0x000000008300e4e0) 
thrown [s\src\hotspot\share\interpreter\linkResolver.cpp, line 771]
Event: 10.074 Thread 0x000001a1385992d0 Exception <a 'java/lang/IncompatibleClassChangeError'{0x0000000083070770}: Found class java.lang.Object, but interface was expected> (0x0000000083070770) 
thrown [s\src\hotspot\share\interpreter\linkResolver.cpp, line 838]
Event: 10.420 Thread 0x000001a1385992d0 Exception <a 'java/lang/NoSuchMethodError'{0x0000000082a91e70}: 'int java.lang.invoke.DirectMethodHandle$Holder.invokeStaticInit(java.lang.Object, java.lang.Object, java.lang.Object)'> (0x0000000082a91e70) 
thrown [s\src\hotspot\share\interpreter\linkResolver.cpp, line 771]
Event: 10.428 Thread 0x000001a1385992d0 Exception <a 'java/lang/NoSuchMethodError'{0x0000000082aa6ea8}: 'java.lang.Object java.lang.invoke.DirectMethodHandle$Holder.newInvokeSpecial(java.lang.Object, java.lang.Object, long)'> (0x0000000082aa6ea8) 
thrown [s\src\hotspot\share\interpreter\linkResolver.cpp, line 771]
Event: 10.430 Thread 0x000001a1385992d0 Exception <a 'java/lang/NoSuchMethodError'{0x0000000082aab4b8}: 'java.lang.Object java.lang.invoke.Invokers$Holder.linkToTargetMethod(java.lang.Object, long, java.lang.Object)'> (0x0000000082aab4b8) 
thrown [s\src\hotspot\share\interpreter\linkResolver.cpp, line 771]
Event: 10.489 Thread 0x000001a1385992d0 Exception <a 'java/lang/NoSuchMethodError'{0x00000000829a7a70}: 'int java.lang.invoke.DirectMethodHandle$Holder.invokeInterface(java.lang.Object, java.lang.Object)'> (0x00000000829a7a70) 
thrown [s\src\hotspot\share\interpreter\linkResolver.cpp, line 771]
Event: 10.514 Thread 0x000001a1385992d0 Exception <a 'java/lang/NoSuchMethodError'{0x00000000829cbbb8}: 'java.lang.Object java.lang.invoke.DirectMethodHandle$Holder.invokeStatic(java.lang.Object, java.lang.Object, int, java.lang.Object)'> (0x00000000829cbbb8) 
thrown [s\src\hotspot\share\interpreter\linkResolver.cpp, line 771]
Event: 10.517 Thread 0x000001a1385992d0 Exception <a 'java/lang/NoSuchMethodError'{0x00000000829d3770}: 'java.lang.Object java.lang.invoke.DirectMethodHandle$Holder.newInvokeSpecial(java.lang.Object, java.lang.Object, int, java.lang.Object)'> (0x00000000829d3770) 
thrown [s\src\hotspot\share\interpreter\linkResolver.cpp, line 771]
Event: 10.527 Thread 0x000001a1385992d0 Exception <a 'java/lang/NoSuchMethodError'{0x00000000829d8058}: 'java.lang.Object java.lang.invoke.DirectMethodHandle$Holder.invokeSpecial(java.lang.Object, java.lang.Object, java.lang.Object, int, java.lang.Object)'> (0x00000000829d8058) 
thrown [s\src\hotspot\share\interpreter\linkResolver.cpp, line 771]
Event: 10.737 Thread 0x000001a1385992d0 Exception <a 'java/lang/NoSuchMethodError'{0x00000000953a62a0}: 'java.lang.Object java.lang.invoke.DirectMethodHandle$Holder.invokeSpecial(java.lang.Object, java.lang.Object, java.lang.Object, int, java.lang.Object, java.lang.Object)'> (0x00000000953a62a0) 
thrown [s\src\hotspot\share\interpreter\linkResolver.cpp, line 771]
Event: 10.826 Thread 0x000001a1385992d0 Implicit null exception at 0x000001a126818a6a to 0x000001a126818f08
Event: 10.915 Thread 0x000001a1385992d0 Exception <a 'java/lang/NoSuchMethodError'{0x0000000094fdb828}: 'void java.lang.invoke.DirectMethodHandle$Holder.invokeStaticInit(java.lang.Object, java.lang.Object, java.lang.Object)'> (0x0000000094fdb828) 
thrown [s\src\hotspot\share\interpreter\linkResolver.cpp, line 771]
Event: 10.916 Thread 0x000001a1385992d0 Exception <a 'java/lang/NoSuchMethodError'{0x0000000094fe2f70}: 'void java.lang.invoke.DirectMethodHandle$Holder.invokeStaticInit(java.lang.Object, java.lang.Object, java.lang.Object, java.lang.Object)'> (0x0000000094fe2f70) 
thrown [s\src\hotspot\share\interpreter\linkResolver.cpp, line 771]
Event: 10.919 Thread 0x000001a1385992d0 Exception <a 'java/lang/NoSuchMethodError'{0x0000000094e055f0}: 'void java.lang.invoke.DirectMethodHandle$Holder.invokeStaticInit(java.lang.Object, java.lang.Object, java.lang.Object, java.lang.Object, java.lang.Object)'> (0x0000000094e055f0) 
thrown [s\src\hotspot\share\interpreter\linkResolver.cpp, line 771]
Event: 10.929 Thread 0x000001a1385992d0 Exception <a 'java/lang/NoSuchMethodError'{0x0000000094e5fb88}: 'int java.lang.invoke.DirectMethodHandle$Holder.invokeStaticInit(java.lang.Object, java.lang.Object, java.lang.Object, java.lang.Object)'> (0x0000000094e5fb88) 
thrown [s\src\hotspot\share\interpreter\linkResolver.cpp, line 771]

VM Operations (20 events):
Event: 10.059 Executing VM operation: HandshakeAllThreads
Event: 10.059 Executing VM operation: HandshakeAllThreads done
Event: 10.568 Executing VM operation: HandshakeAllThreads
Event: 10.569 Executing VM operation: HandshakeAllThreads done
Event: 10.569 Executing VM operation: G1CollectForAllocation
Event: 10.573 Executing VM operation: G1CollectForAllocation done
Event: 10.658 Executing VM operation: HandshakeAllThreads
Event: 10.659 Executing VM operation: HandshakeAllThreads done
Event: 10.807 Executing VM operation: HandshakeAllThreads
Event: 10.807 Executing VM operation: HandshakeAllThreads done
Event: 10.949 Executing VM operation: ICBufferFull
Event: 10.949 Executing VM operation: ICBufferFull done
Event: 10.978 Executing VM operation: CollectForMetadataAllocation
Event: 10.982 Executing VM operation: CollectForMetadataAllocation done
Event: 10.995 Executing VM operation: G1Concurrent
Event: 10.997 Executing VM operation: G1Concurrent done
Event: 11.002 Executing VM operation: G1Concurrent
Event: 11.003 Executing VM operation: G1Concurrent done
Event: 11.140 Executing VM operation: HandshakeAllThreads
Event: 11.140 Executing VM operation: HandshakeAllThreads done

Events (20 events):
Event: 11.228 loading class javax/swing/table/AbstractTableModel
Event: 11.228 loading class javax/swing/table/AbstractTableModel done
Event: 11.228 loading class javax/swing/table/DefaultTableModel done
Event: 11.228 loading class javax/swing/JPopupMenu
Event: 11.229 loading class javax/swing/JPopupMenu done
Event: 11.229 loading class javax/swing/Action
Event: 11.229 loading class javax/swing/Action done
Event: 11.229 loading class javax/swing/JToolBar
Event: 11.229 loading class javax/swing/JToolBar done
Event: 11.230 loading class javax/swing/table/TableColumn
Event: 11.230 loading class javax/swing/table/TableColumn done
Event: 11.230 loading class java/awt/Image
Event: 11.231 loading class java/awt/Image done
Event: 11.231 loading class java/awt/MenuComponent
Event: 11.231 loading class java/awt/MenuComponent done
Event: 11.231 loading class java/awt/Event
Event: 11.231 loading class java/awt/Event done
Event: 11.231 loading class java/awt/Font
Event: 11.232 loading class java/awt/Font done
Event: 11.233 loading class java/awt/PopupMenu


Dynamic libraries:
0x00007ff6f29a0000 - 0x00007ff6f29aa000 	C:\Program Files\Android\Android Studio\jbr\bin\java.exe
0x00007ffbef0b0000 - 0x00007ffbef2c7000 	C:\WINDOWS\SYSTEM32\ntdll.dll
0x00007ffbeea50000 - 0x00007ffbeeb14000 	C:\WINDOWS\System32\KERNEL32.DLL
0x00007ffbec870000 - 0x00007ffbecc16000 	C:\WINDOWS\System32\KERNELBASE.dll
0x00007ffbecce0000 - 0x00007ffbecdf1000 	C:\WINDOWS\System32\ucrtbase.dll
0x00007ffbcc160000 - 0x00007ffbcc17b000 	C:\Program Files\Android\Android Studio\jbr\bin\VCRUNTIME140.dll
0x00007ffbe0c20000 - 0x00007ffbe0c37000 	C:\Program Files\Android\Android Studio\jbr\bin\jli.dll
0x00007ffbed8c0000 - 0x00007ffbeda6e000 	C:\WINDOWS\System32\USER32.dll
0x00007ffbec840000 - 0x00007ffbec866000 	C:\WINDOWS\System32\win32u.dll
0x00007ffbedc70000 - 0x00007ffbedc99000 	C:\WINDOWS\System32\GDI32.dll
0x00007ffbec490000 - 0x00007ffbec5a8000 	C:\WINDOWS\System32\gdi32full.dll
0x00007ffbce870000 - 0x00007ffbceb03000 	C:\WINDOWS\WinSxS\amd64_microsoft.windows.common-controls_6595b64144ccf1df_6.0.22621.2506_none_270c5ae97388e100\COMCTL32.dll
0x00007ffbec7a0000 - 0x00007ffbec83a000 	C:\WINDOWS\System32\msvcp_win.dll
0x00007ffbee360000 - 0x00007ffbee407000 	C:\WINDOWS\System32\msvcrt.dll
0x00007ffbeeb20000 - 0x00007ffbeeb51000 	C:\WINDOWS\System32\IMM32.DLL
0x00007ffbe3280000 - 0x00007ffbe328c000 	C:\Program Files\Android\Android Studio\jbr\bin\vcruntime140_1.dll
0x00007ffba1ed0000 - 0x00007ffba1f5d000 	C:\Program Files\Android\Android Studio\jbr\bin\msvcp140.dll
0x00007ffb8e4b0000 - 0x00007ffb8f11e000 	C:\Program Files\Android\Android Studio\jbr\bin\server\jvm.dll
0x00007ffbee030000 - 0x00007ffbee0e1000 	C:\WINDOWS\System32\ADVAPI32.dll
0x00007ffbee2b0000 - 0x00007ffbee355000 	C:\WINDOWS\System32\sechost.dll
0x00007ffbeed90000 - 0x00007ffbeeea7000 	C:\WINDOWS\System32\RPCRT4.dll
0x00007ffbdea90000 - 0x00007ffbdea99000 	C:\WINDOWS\SYSTEM32\WSOCK32.dll
0x00007ffbedb90000 - 0x00007ffbedc01000 	C:\WINDOWS\System32\WS2_32.dll
0x00007ffbe5aa0000 - 0x00007ffbe5aaa000 	C:\WINDOWS\SYSTEM32\VERSION.dll
0x00007ffbde9a0000 - 0x00007ffbde9d4000 	C:\WINDOWS\SYSTEM32\WINMM.dll
0x00007ffbeb4d0000 - 0x00007ffbeb4e8000 	C:\WINDOWS\SYSTEM32\kernel.appcore.dll
0x00007ffbe5560000 - 0x00007ffbe556a000 	C:\Program Files\Android\Android Studio\jbr\bin\jimage.dll
0x00007ffbe9a20000 - 0x00007ffbe9c53000 	C:\WINDOWS\SYSTEM32\DBGHELP.DLL
0x00007ffbedca0000 - 0x00007ffbee029000 	C:\WINDOWS\System32\combase.dll
0x00007ffbecf20000 - 0x00007ffbecff7000 	C:\WINDOWS\System32\OLEAUT32.dll
0x00007ffbe0400000 - 0x00007ffbe0432000 	C:\WINDOWS\SYSTEM32\dbgcore.DLL
0x00007ffbec5b0000 - 0x00007ffbec62a000 	C:\WINDOWS\System32\bcryptPrimitives.dll
0x00007ffbe1740000 - 0x00007ffbe1765000 	C:\Program Files\Android\Android Studio\jbr\bin\java.dll
0x00007ffbe51d0000 - 0x00007ffbe51e8000 	C:\Program Files\Android\Android Studio\jbr\bin\zip.dll
0x00007ffbed060000 - 0x00007ffbed8ba000 	C:\WINDOWS\System32\SHELL32.dll
0x00007ffbea2f0000 - 0x00007ffbeabe6000 	C:\WINDOWS\SYSTEM32\windows.storage.dll
0x00007ffbea1b0000 - 0x00007ffbea2ee000 	C:\WINDOWS\SYSTEM32\wintypes.dll
0x00007ffbece00000 - 0x00007ffbecef3000 	C:\WINDOWS\System32\SHCORE.dll
0x00007ffbedc10000 - 0x00007ffbedc6e000 	C:\WINDOWS\System32\shlwapi.dll
0x00007ffbec350000 - 0x00007ffbec376000 	C:\WINDOWS\SYSTEM32\profapi.dll
0x00007ffbe0eb0000 - 0x00007ffbe0ec9000 	C:\Program Files\Android\Android Studio\jbr\bin\net.dll
0x00007ffbe45a0000 - 0x00007ffbe46d7000 	C:\WINDOWS\SYSTEM32\WINHTTP.dll
0x00007ffbeb940000 - 0x00007ffbeb9a9000 	C:\WINDOWS\system32\mswsock.dll
0x00007ffbe0e90000 - 0x00007ffbe0ea6000 	C:\Program Files\Android\Android Studio\jbr\bin\nio.dll
0x00007ffbe5550000 - 0x00007ffbe5560000 	C:\Program Files\Android\Android Studio\jbr\bin\verify.dll
0x00007ffbdea00000 - 0x00007ffbdea27000 	C:\Users\samue\.gradle\native\68d5fa5c4cc2d200863cafc0d521ce42e7d3e7ee720ec0a83991735586a16f82\windows-amd64\native-platform.dll
0x00007ffb8e360000 - 0x00007ffb8e4a4000 	C:\Users\samue\.gradle\native\e376f236ea51e6404a007f0833ffe2c6e607c4080706a723a18a27aeea778392\windows-amd64\native-platform-file-events.dll
0x00007ffbe5520000 - 0x00007ffbe5529000 	C:\Program Files\Android\Android Studio\jbr\bin\management.dll
0x00007ffbe5410000 - 0x00007ffbe541b000 	C:\Program Files\Android\Android Studio\jbr\bin\management_ext.dll
0x00007ffbeda80000 - 0x00007ffbeda88000 	C:\WINDOWS\System32\PSAPI.DLL
0x00007ffbebc90000 - 0x00007ffbebcab000 	C:\WINDOWS\SYSTEM32\CRYPTSP.dll
0x00007ffbeb430000 - 0x00007ffbeb465000 	C:\WINDOWS\system32\rsaenh.dll
0x00007ffbeb9e0000 - 0x00007ffbeba0c000 	C:\WINDOWS\SYSTEM32\USERENV.dll
0x00007ffbebdb0000 - 0x00007ffbebdd8000 	C:\WINDOWS\SYSTEM32\bcrypt.dll
0x00007ffbebc70000 - 0x00007ffbebc7c000 	C:\WINDOWS\SYSTEM32\CRYPTBASE.dll
0x00007ffbeaef0000 - 0x00007ffbeaf1d000 	C:\WINDOWS\SYSTEM32\IPHLPAPI.DLL
0x00007ffbedb30000 - 0x00007ffbedb39000 	C:\WINDOWS\System32\NSI.dll
0x00007ffbe3e60000 - 0x00007ffbe3e79000 	C:\WINDOWS\SYSTEM32\dhcpcsvc6.DLL
0x00007ffbe3e40000 - 0x00007ffbe3e5f000 	C:\WINDOWS\SYSTEM32\dhcpcsvc.DLL
0x00007ffbeaf20000 - 0x00007ffbeb019000 	C:\WINDOWS\SYSTEM32\DNSAPI.dll
0x00007ffbe53d0000 - 0x00007ffbe53d8000 	C:\WINDOWS\system32\wshunix.dll

dbghelp: loaded successfully - version: 4.0.5 - missing functions: none
symbol engine: initialized successfully - sym options: 0x614 - pdb path: .;C:\Program Files\Android\Android Studio\jbr\bin;C:\WINDOWS\SYSTEM32;C:\WINDOWS\WinSxS\amd64_microsoft.windows.common-controls_6595b64144ccf1df_6.0.22621.2506_none_270c5ae97388e100;C:\Program Files\Android\Android Studio\jbr\bin\server;C:\Users\samue\.gradle\native\68d5fa5c4cc2d200863cafc0d521ce42e7d3e7ee720ec0a83991735586a16f82\windows-amd64;C:\Users\samue\.gradle\native\e376f236ea51e6404a007f0833ffe2c6e607c4080706a723a18a27aeea778392\windows-amd64

VM Arguments:
jvm_args: --add-opens=java.base/java.util=ALL-UNNAMED --add-opens=java.base/java.lang=ALL-UNNAMED --add-opens=java.base/java.lang.invoke=ALL-UNNAMED --add-opens=java.prefs/java.util.prefs=ALL-UNNAMED --add-opens=java.base/java.nio.charset=ALL-UNNAMED --add-opens=java.base/java.net=ALL-UNNAMED --add-opens=java.base/java.util.concurrent.atomic=ALL-UNNAMED -Xmx2048m -Dfile.encoding=UTF-8 -Duser.country=JP -Duser.language=ja -Duser.variant 
java_command: org.gradle.launcher.daemon.bootstrap.GradleDaemon 8.0
java_class_path (initial): C:\Users\samue\.gradle\wrapper\dists\gradle-8.0-bin\ca5e32bp14vu59qr306oxotwh\gradle-8.0\lib\gradle-launcher-8.0.jar
Launcher Type: SUN_STANDARD

[Global flags]
     intx CICompilerCount                          = 4                                         {product} {ergonomic}
     uint ConcGCThreads                            = 2                                         {product} {ergonomic}
     uint G1ConcRefinementThreads                  = 8                                         {product} {ergonomic}
   size_t G1HeapRegionSize                         = 1048576                                   {product} {ergonomic}
    uintx GCDrainStackTargetSize                   = 64                                        {product} {ergonomic}
   size_t InitialHeapSize                          = 400556032                                 {product} {ergonomic}
   size_t MarkStackSize                            = 4194304                                   {product} {ergonomic}
   size_t MaxHeapSize                              = 2147483648                                {product} {command line}
   size_t MaxNewSize                               = 1287651328                                {product} {ergonomic}
   size_t MinHeapDeltaBytes                        = 1048576                                   {product} {ergonomic}
   size_t MinHeapSize                              = 8388608                                   {product} {ergonomic}
    uintx NonNMethodCodeHeapSize                   = 5839372                                {pd product} {ergonomic}
    uintx NonProfiledCodeHeapSize                  = 122909434                              {pd product} {ergonomic}
    uintx ProfiledCodeHeapSize                     = 122909434                              {pd product} {ergonomic}
    uintx ReservedCodeCacheSize                    = 251658240                              {pd product} {ergonomic}
     bool SegmentedCodeCache                       = true                                      {product} {ergonomic}
   size_t SoftMaxHeapSize                          = 2147483648                             {manageable} {ergonomic}
     bool UseCompressedClassPointers               = true                           {product lp64_product} {ergonomic}
     bool UseCompressedOops                        = true                           {product lp64_product} {ergonomic}
     bool UseG1GC                                  = true                                      {product} {ergonomic}
     bool UseLargePagesIndividualAllocation        = false                                  {pd product} {ergonomic}

Logging:
Log output configuration:
 #0: stdout all=warning uptime,level,tags
 #1: stderr all=off uptime,level,tags

Environment Variables:
JAVA_HOME=C:\Program Files\Java\jdk-17
PATH=C:\Program Files\Microsoft\jdk-11.0.16.101-hotspot\bin;C:\oraclexe\app\oracle\product\11.2.0\server\bin;;C:\Program Files\Java\jdk-17\bin;C:\Program Files\Common Files\Oracle\Java\javapath;C:\Windows\system32;C:\Windows;C:\Windows\System32\Wbem;C:\Windows\System32\WindowsPowerShell\v1.0\;C:\Windows\System32\OpenSSH\;C:\Program Files (x86)\NVIDIA Corporation\PhysX\Common;C:\Program Files\NVIDIA Corporation\NVIDIA NvDLISR;C:\WINDOWS\system32;C:\WINDOWS;C:\WINDOWS\System32\Wbem;C:\WINDOWS\System32\WindowsPowerShell\v1.0\;C:\WINDOWS\System32\OpenSSH\;C:\Program Files\Git\cmd;C:\Program Files\nodejs\;C:\Program Files (x86)\Windows Kits\10\Windows Performance Toolkit\;C:\Program Files\IBM\SPSS\Statistics\25\JRE\bin;C:\Users\samue\AppData\Local\Programs\Python\Python312\Scripts\;C:\Users\samue\AppData\Local\Programs\Python\Python312\;C:\Users\samue\AppData\Local\Programs\Python\Launcher\;C:\Users\samue\AppData\Local\Microsoft\WindowsApps;C:\Users\samue\AppData\Local\Programs\Microsoft VS Code\bin;C:\Users\samue\AppData\Local\GitHubDesktop\bin;C:\Users\samue\AppData\Roaming\npm
USERNAME=samue
OS=Windows_NT
PROCESSOR_IDENTIFIER=Intel64 Family 6 Model 140 Stepping 1, GenuineIntel
TMP=C:\Users\samue\AppData\Local\Temp
TEMP=C:\Users\samue\AppData\Local\Temp


JNI global refs:
JNI global refs: 23, weak refs: 0

JNI global refs memory usage: 843, weak refs: 841


---------------  S Y S T E M  ---------------

OS:
 Windows 11 , 64 bit Build 22621 (10.0.22621.2506)
OS uptime: 1 days 9:40 hours
Hyper-V role detected

CPU: total 8 (initial active 8) (4 cores per cpu, 2 threads per core) family 6 model 140 stepping 1 microcode 0x86, cx8, cmov, fxsr, ht, mmx, 3dnowpref, sse, sse2, sse3, ssse3, sse4.1, sse4.2, popcnt, lzcnt, tsc, tscinvbit, avx, avx2, aes, erms, clmul, bmi1, bmi2, adx, avx512f, avx512dq, avx512cd, avx512bw, avx512vl, sha, fma, vzeroupper, avx512_vpopcntdq, avx512_vpclmulqdq, avx512_vaes, avx512_vnni, clflush, clflushopt, clwb, avx512_vbmi2, avx512_vbmi, hv

Memory: 4k page, system-wide physical 24371M (3014M free)
TotalPageFile size 54371M (AvailPageFile size 10M)
current process WorkingSet (physical memory assigned to process): 203M, peak: 203M
current process commit charge ("private bytes"): 240M, peak: 528M

vm_info: OpenJDK 64-Bit Server VM (17.0.6+0-b2043.56-10027231) for windows-amd64 JRE (17.0.6+0-b2043.56-10027231), built on Apr 28 2023 00:43:19 by "androidbuild" with MS VC++ 16.10 / 16.11 (VS2019)

END.
